<?xml version="1.0" encoding="UTF-8"?>
<!-- Generated by org.testng.reporters.JUnitXMLReporter -->
<testsuite ignored="4" hostname="LAPTOP-PH0174KN" failures="0" tests="0" time="0.013" errors="0" timestamp="24 Aug 2025 09:01:00 GMT">
  <testcase classname="tests.CartTest" name="addMultipleItemsToCart" time="0.0">
    <ignored/>
  </testcase> <!-- addMultipleItemsToCart -->
  <testcase classname="tests.CartTest" name="addMultipleItemsToCartAndRemove" time="0.0">
    <ignored/>
  </testcase> <!-- addMultipleItemsToCartAndRemove -->
  <testcase classname="tests.CartTest" name="verifyContentsOnCartandInventory" time="0.0">
    <ignored/>
  </testcase> <!-- verifyContentsOnCartandInventory -->
  <testcase classname="tests.CartTest" name="addItemToCartTest" time="0.0">
    <ignored/>
  </testcase> <!-- addItemToCartTest -->
</testsuite>
