<?xml version="1.0" encoding="UTF-8"?>
<!-- Generated by org.testng.reporters.JUnitXMLReporter -->
<testsuite ignored="4" hostname="LAPTOP-PH0174KN" failures="1" tests="13" name="Test" time="130.538" errors="0" timestamp="28 Aug 2025 15:29:09 GMT">
  <testcase classname="tests.LoginTest" name="LoginPageTest1" time="4.536"/>
  <testcase classname="tests.LoginTest" name="LoginPageTest2" time="4.476"/>
  <testcase classname="tests.LoginTest" name="LoginPageTest3" time="4.47"/>
  <testcase classname="tests.LoginTest" name="LoginPageTest4" time="4.414"/>
  <testcase classname="tests.LoginTest" name="LoginPageTest5" time="4.591"/>
  <testcase classname="tests.CartTest" name="addItemToCartTest" time="4.952"/>
  <testcase classname="tests.CartTest" name="addMultipleItemsToCart" time="26.912">
    <skipped/>
  </testcase> <!-- addMultipleItemsToCart -->
  <testcase classname="tests.CartTest" name="addMultipleItemsToCart" time="8.154"/>
  <testcase classname="tests.CartTest" name="addMultipleItemsToCartAndRemove" time="5.172"/>
  <testcase classname="tests.CartTest" name="verifyContentsOnCartandInventory" time="8.151"/>
  <testcase classname="tests.CheckoutTest" name="testcase5" time="6.946">
    <skipped/>
  </testcase> <!-- testcase5 -->
  <testcase classname="tests.CheckoutTest" name="testcase5" time="7.052">
    <skipped/>
  </testcase> <!-- testcase5 -->
  <testcase classname="tests.CheckoutTest" name="testcase5" time="6.396">
    <failure type="java.lang.AssertionError" message="expected [58.29] but found [158.29]">
      <![CDATA[java.lang.AssertionError: expected [58.29] but found [158.29]
at tests.CheckoutTest.testcase5(CheckoutTest.java:123)
... Removed 28 stack frames]]>
    </failure>
  </testcase> <!-- testcase5 -->
  <testcase classname="tests.CheckoutTest" name="testcase3" time="0.0">
    <ignored/>
  </testcase> <!-- testcase3 -->
  <testcase classname="tests.CheckoutTest" name="testcase2" time="0.0">
    <ignored/>
  </testcase> <!-- testcase2 -->
  <testcase classname="tests.CheckoutTest" name="testcase4" time="0.0">
    <ignored/>
  </testcase> <!-- testcase4 -->
  <testcase classname="tests.CheckoutTest" name="testcase1" time="0.0">
    <ignored/>
  </testcase> <!-- testcase1 -->
</testsuite> <!-- Test -->
